/hpcfs/home/fisi4028
rm: cannot remove `x*': No such file or directory
split: invalid option -- 'n'
Try `split --help' for more information.
terminate called after throwing an instance of 'std::out_of_range'
  what():  basic_string::at: __n (which is 0) >= this->size() (which is 0)
Unable to open file./partirArchivos.sh: line 9: 47513 Aborted                 ./cuenta.x $file cuenta.txt tiempo.txt
rm: cannot remove `x*': No such file or directory
split: invalid option -- 'n'
Try `split --help' for more information.
terminate called after throwing an instance of 'std::out_of_range'
  what():  basic_string::at: __n (which is 0) >= this->size() (which is 0)
Unable to open file./partirArchivos.sh: line 9: 47520 Aborted                 ./cuenta.x $file cuenta.txt tiempo.txt
rm: cannot remove `x*': No such file or directory
split: invalid option -- 'n'
Try `split --help' for more information.
terminate called after throwing an instance of 'std::out_of_range'
  what():  basic_string::at: __n (which is 0) >= this->size() (which is 0)
Unable to open file./partirArchivos.sh: line 9: 47527 Aborted                 ./cuenta.x $file cuenta.txt tiempo.txt
rm: cannot remove `x*': No such file or directory
split: invalid option -- 'n'
Try `split --help' for more information.
terminate called after throwing an instance of 'std::out_of_range'
  what():  basic_string::at: __n (which is 0) >= this->size() (which is 0)
Unable to open file./partirArchivos.sh: line 9: 47593 Aborted                 ./cuenta.x $file cuenta.txt tiempo.txt
rm: cannot remove `x*': No such file or directory
split: invalid option -- 'n'
Try `split --help' for more information.
terminate called after throwing an instance of 'std::out_of_range'
  what():  basic_string::at: __n (which is 0) >= this->size() (which is 0)
Unable to open file./partirArchivos.sh: line 9: 47600 Aborted                 ./cuenta.x $file cuenta.txt tiempo.txt
rm: cannot remove `x*': No such file or directory
split: invalid option -- 'n'
Try `split --help' for more information.
terminate called after throwing an instance of 'std::out_of_range'
  what():  basic_string::at: __n (which is 0) >= this->size() (which is 0)
Unable to open file./partirArchivos.sh: line 9: 47607 Aborted                 ./cuenta.x $file cuenta.txt tiempo.txt
rm: cannot remove `x*': No such file or directory
split: invalid option -- 'n'
Try `split --help' for more information.
terminate called after throwing an instance of 'std::out_of_range'
  what():  basic_string::at: __n (which is 0) >= this->size() (which is 0)
Unable to open file./partirArchivos.sh: line 9: 47614 Aborted                 ./cuenta.x $file cuenta.txt tiempo.txt
rm: cannot remove `x*': No such file or directory
split: invalid option -- 'n'
Try `split --help' for more information.
terminate called after throwing an instance of 'std::out_of_range'
  what():  basic_string::at: __n (which is 0) >= this->size() (which is 0)
Unable to open file./partirArchivos.sh: line 9: 47621 Aborted                 ./cuenta.x $file cuenta.txt tiempo.txt
rm: cannot remove `x*': No such file or directory
split: invalid option -- 'n'
Try `split --help' for more information.
terminate called after throwing an instance of 'std::out_of_range'
  what():  basic_string::at: __n (which is 0) >= this->size() (which is 0)
Unable to open file./partirArchivos.sh: line 9: 47628 Aborted                 ./cuenta.x $file cuenta.txt tiempo.txt
rm: cannot remove `x*': No such file or directory
split: invalid option -- 'n'
Try `split --help' for more information.
terminate called after throwing an instance of 'std::out_of_range'
  what():  basic_string::at: __n (which is 0) >= this->size() (which is 0)
Unable to open file./partirArchivos.sh: line 9: 47635 Aborted                 ./cuenta.x $file cuenta.txt tiempo.txt
rm: cannot remove `x*': No such file or directory
split: invalid option -- 'n'
Try `split --help' for more information.
terminate called after throwing an instance of 'std::out_of_range'
  what():  basic_string::at: __n (which is 0) >= this->size() (which is 0)
Unable to open file./partirArchivos.sh: line 9: 47642 Aborted                 ./cuenta.x $file cuenta.txt tiempo.txt
rm: cannot remove `x*': No such file or directory
split: invalid option -- 'n'
Try `split --help' for more information.
terminate called after throwing an instance of 'std::out_of_range'
  what():  basic_string::at: __n (which is 0) >= this->size() (which is 0)
Unable to open file./partirArchivos.sh: line 9: 47649 Aborted                 ./cuenta.x $file cuenta.txt tiempo.txt
rm: cannot remove `x*': No such file or directory
split: invalid option -- 'n'
Try `split --help' for more information.
terminate called after throwing an instance of 'std::out_of_range'
  what():  basic_string::at: __n (which is 0) >= this->size() (which is 0)
Unable to open file./partirArchivos.sh: line 9: 47656 Aborted                 ./cuenta.x $file cuenta.txt tiempo.txt
rm: cannot remove `x*': No such file or directory
split: invalid option -- 'n'
Try `split --help' for more information.
terminate called after throwing an instance of 'std::out_of_range'
  what():  basic_string::at: __n (which is 0) >= this->size() (which is 0)
Unable to open file./partirArchivos.sh: line 9: 47663 Aborted                 ./cuenta.x $file cuenta.txt tiempo.txt
rm: cannot remove `x*': No such file or directory
split: invalid option -- 'n'
Try `split --help' for more information.
terminate called after throwing an instance of 'std::out_of_range'
  what():  basic_string::at: __n (which is 0) >= this->size() (which is 0)
Unable to open file./partirArchivos.sh: line 9: 47670 Aborted                 ./cuenta.x $file cuenta.txt tiempo.txt
rm: cannot remove `x*': No such file or directory
split: invalid option -- 'n'
Try `split --help' for more information.
terminate called after throwing an instance of 'std::out_of_range'
  what():  basic_string::at: __n (which is 0) >= this->size() (which is 0)
Unable to open file./partirArchivos.sh: line 9: 47677 Aborted                 ./cuenta.x $file cuenta.txt tiempo.txt
rm: cannot remove `x*': No such file or directory
split: invalid option -- 'n'
Try `split --help' for more information.
terminate called after throwing an instance of 'std::out_of_range'
  what():  basic_string::at: __n (which is 0) >= this->size() (which is 0)
Unable to open file./partirArchivos.sh: line 9: 47684 Aborted                 ./cuenta.x $file cuenta.txt tiempo.txt
rm: cannot remove `x*': No such file or directory
split: invalid option -- 'n'
Try `split --help' for more information.
terminate called after throwing an instance of 'std::out_of_range'
  what():  basic_string::at: __n (which is 0) >= this->size() (which is 0)
Unable to open file./partirArchivos.sh: line 9: 47691 Aborted                 ./cuenta.x $file cuenta.txt tiempo.txt
rm: cannot remove `x*': No such file or directory
split: invalid option -- 'n'
Try `split --help' for more information.
terminate called after throwing an instance of 'std::out_of_range'
  what():  basic_string::at: __n (which is 0) >= this->size() (which is 0)
Unable to open file./partirArchivos.sh: line 9: 47698 Aborted                 ./cuenta.x $file cuenta.txt tiempo.txt
rm: cannot remove `x*': No such file or directory
split: invalid option -- 'n'
Try `split --help' for more information.
terminate called after throwing an instance of 'std::out_of_range'
  what():  basic_string::at: __n (which is 0) >= this->size() (which is 0)
Unable to open file./partirArchivos.sh: line 9: 47705 Aborted                 ./cuenta.x $file cuenta.txt tiempo.txt
rm: cannot remove `x*': No such file or directory
split: invalid option -- 'n'
Try `split --help' for more information.
terminate called after throwing an instance of 'std::out_of_range'
  what():  basic_string::at: __n (which is 0) >= this->size() (which is 0)
Unable to open file./partirArchivos.sh: line 9: 47712 Aborted                 ./cuenta.x $file cuenta.txt tiempo.txt
rm: cannot remove `x*': No such file or directory
split: invalid option -- 'n'
Try `split --help' for more information.
terminate called after throwing an instance of 'std::out_of_range'
  what():  basic_string::at: __n (which is 0) >= this->size() (which is 0)
Unable to open file./partirArchivos.sh: line 9: 47719 Aborted                 ./cuenta.x $file cuenta.txt tiempo.txt
rm: cannot remove `x*': No such file or directory
split: invalid option -- 'n'
Try `split --help' for more information.
terminate called after throwing an instance of 'std::out_of_range'
  what():  basic_string::at: __n (which is 0) >= this->size() (which is 0)
Unable to open file./partirArchivos.sh: line 9: 47726 Aborted                 ./cuenta.x $file cuenta.txt tiempo.txt
rm: cannot remove `x*': No such file or directory
Traceback (most recent call last):
  File "plots.py", line 6, in <module>
    plt.plot(times[:,1],times[:,0]/times[:,1])
  File "/lustre/apps/anaconda/3/lib/python3.5/site-packages/matplotlib/pyplot.py", line 3147, in plot
    ax = gca()
  File "/lustre/apps/anaconda/3/lib/python3.5/site-packages/matplotlib/pyplot.py", line 928, in gca
    return gcf().gca(**kwargs)
  File "/lustre/apps/anaconda/3/lib/python3.5/site-packages/matplotlib/pyplot.py", line 578, in gcf
    return figure()
  File "/lustre/apps/anaconda/3/lib/python3.5/site-packages/matplotlib/pyplot.py", line 527, in figure
    **kwargs)
  File "/lustre/apps/anaconda/3/lib/python3.5/site-packages/matplotlib/backends/backend_tkagg.py", line 84, in new_figure_manager
    return new_figure_manager_given_figure(num, figure)
  File "/lustre/apps/anaconda/3/lib/python3.5/site-packages/matplotlib/backends/backend_tkagg.py", line 92, in new_figure_manager_given_figure
    window = Tk.Tk()
  File "/lustre/apps/anaconda/3/lib/python3.5/tkinter/__init__.py", line 1868, in __init__
    self.tk = _tkinter.create(screenName, baseName, className, interactive, wantobjects, useTk, sync, use)
_tkinter.TclError: no display name and no $DISPLAY environment variable
g++ -o cuenta.x cuenta.cpp -lm
./cuenta.x Pi_2500000.txt cuenta.txt tiempo.txt
cat cuenta.txt
252478
25069
2527
237
22
rm cuenta.x


(hpcstats) Getting modules
